2025-05-27 21:24:13,889 - WARNING - Phone: +201142344941 - Message Type: Selenium Send - Reason: Initial send failed, possibly invalid number/no WhatsApp - Details: Message: 
Stacktrace:
	GetHandleVerifier [0x00007FF62C9CCF25+75717]
	GetHandleVerifier [0x00007FF62C9CCF80+75808]
	(No symbol) [0x00007FF62C798F9A]
	(No symbol) [0x00007FF62C7EF4C6]
	(No symbol) [0x00007FF62C7EF77C]
	(No symbol) [0x00007FF62C842577]
	(No symbol) [0x00007FF62C8173BF]
	(No symbol) [0x00007FF62C83F39C]
	(No symbol) [0x00007FF62C817153]
	(No symbol) [0x00007FF62C7E0421]
	(No symbol) [0x00007FF62C7E11B3]
	GetHandleVerifier [0x00007FF62CCCD6FD+3223453]
	GetHandleVerifier [0x00007FF62CCC7CA2+3200322]
	GetHandleVerifier [0x00007FF62CCE5AD3+3322739]
	GetHandleVerifier [0x00007FF62C9E69FA+180890]
	GetHandleVerifier [0x00007FF62C9EE0FF+211359]
	GetHandleVerifier [0x00007FF62C9D5274+109332]
	GetHandleVerifier [0x00007FF62C9D5422+109762]
	GetHandleVerifier [0x00007FF62C9BBA39+4825]
	BaseThreadInitThunk [0x00007FFA849B7374+20]
	RtlUserThreadStart [0x00007FFA8605CC91+33]

2025-05-27 21:24:45,063 - ERROR - Phone: +201142344941 - Message Type: Selenium Send Retry - Reason: Retry send failed, possibly invalid number/no WhatsApp - Details: Message: 
Stacktrace:
	GetHandleVerifier [0x00007FF62C9CCF25+75717]
	GetHandleVerifier [0x00007FF62C9CCF80+75808]
	(No symbol) [0x00007FF62C798F9A]
	(No symbol) [0x00007FF62C7EF4C6]
	(No symbol) [0x00007FF62C7EF77C]
	(No symbol) [0x00007FF62C842577]
	(No symbol) [0x00007FF62C8173BF]
	(No symbol) [0x00007FF62C83F39C]
	(No symbol) [0x00007FF62C817153]
	(No symbol) [0x00007FF62C7E0421]
	(No symbol) [0x00007FF62C7E11B3]
	GetHandleVerifier [0x00007FF62CCCD6FD+3223453]
	GetHandleVerifier [0x00007FF62CCC7CA2+3200322]
	GetHandleVerifier [0x00007FF62CCE5AD3+3322739]
	GetHandleVerifier [0x00007FF62C9E69FA+180890]
	GetHandleVerifier [0x00007FF62C9EE0FF+211359]
	GetHandleVerifier [0x00007FF62C9D5274+109332]
	GetHandleVerifier [0x00007FF62C9D5422+109762]
	GetHandleVerifier [0x00007FF62C9BBA39+4825]
	BaseThreadInitThunk [0x00007FFA849B7374+20]
	RtlUserThreadStart [0x00007FFA8605CC91+33]

2025-05-27 21:25:17,339 - WARNING - Phone: +201142344941 - Message Type: Selenium Send - Reason: Initial send failed, possibly invalid number/no WhatsApp - Details: Message: 
Stacktrace:
	GetHandleVerifier [0x00007FF62C9CCF25+75717]
	GetHandleVerifier [0x00007FF62C9CCF80+75808]
	(No symbol) [0x00007FF62C798F9A]
	(No symbol) [0x00007FF62C7EF4C6]
	(No symbol) [0x00007FF62C7EF77C]
	(No symbol) [0x00007FF62C842577]
	(No symbol) [0x00007FF62C8173BF]
	(No symbol) [0x00007FF62C83F39C]
	(No symbol) [0x00007FF62C817153]
	(No symbol) [0x00007FF62C7E0421]
	(No symbol) [0x00007FF62C7E11B3]
	GetHandleVerifier [0x00007FF62CCCD6FD+3223453]
	GetHandleVerifier [0x00007FF62CCC7CA2+3200322]
	GetHandleVerifier [0x00007FF62CCE5AD3+3322739]
	GetHandleVerifier [0x00007FF62C9E69FA+180890]
	GetHandleVerifier [0x00007FF62C9EE0FF+211359]
	GetHandleVerifier [0x00007FF62C9D5274+109332]
	GetHandleVerifier [0x00007FF62C9D5422+109762]
	GetHandleVerifier [0x00007FF62C9BBA39+4825]
	BaseThreadInitThunk [0x00007FFA849B7374+20]
	RtlUserThreadStart [0x00007FFA8605CC91+33]

2025-05-27 21:25:48,763 - ERROR - Phone: +201142344941 - Message Type: Selenium Send Retry - Reason: Retry send failed, possibly invalid number/no WhatsApp - Details: Message: 
Stacktrace:
	GetHandleVerifier [0x00007FF62C9CCF25+75717]
	GetHandleVerifier [0x00007FF62C9CCF80+75808]
	(No symbol) [0x00007FF62C798F9A]
	(No symbol) [0x00007FF62C7EF4C6]
	(No symbol) [0x00007FF62C7EF77C]
	(No symbol) [0x00007FF62C842577]
	(No symbol) [0x00007FF62C8173BF]
	(No symbol) [0x00007FF62C83F39C]
	(No symbol) [0x00007FF62C817153]
	(No symbol) [0x00007FF62C7E0421]
	(No symbol) [0x00007FF62C7E11B3]
	GetHandleVerifier [0x00007FF62CCCD6FD+3223453]
	GetHandleVerifier [0x00007FF62CCC7CA2+3200322]
	GetHandleVerifier [0x00007FF62CCE5AD3+3322739]
	GetHandleVerifier [0x00007FF62C9E69FA+180890]
	GetHandleVerifier [0x00007FF62C9EE0FF+211359]
	GetHandleVerifier [0x00007FF62C9D5274+109332]
	GetHandleVerifier [0x00007FF62C9D5422+109762]
	GetHandleVerifier [0x00007FF62C9BBA39+4825]
	BaseThreadInitThunk [0x00007FFA849B7374+20]
	RtlUserThreadStart [0x00007FFA8605CC91+33]

2025-05-27 21:25:56,697 - WARNING - Phone: +201142344948 - Message Type: Selenium Send - Reason: Initial send failed, possibly invalid number/no WhatsApp - Details: Message: target frame detached
  (failed to check if window was closed: disconnected: Unable to receive message from renderer)
  (Session info: chrome=137.0.7151.41)
Stacktrace:
	GetHandleVerifier [0x00007FF62C9CCF25+75717]
	GetHandleVerifier [0x00007FF62C9CCF80+75808]
	(No symbol) [0x00007FF62C798DCC]
	(No symbol) [0x00007FF62C78617B]
	(No symbol) [0x00007FF62C78503E]
	(No symbol) [0x00007FF62C7A9DB4]
	(No symbol) [0x00007FF62C81EE75]
	(No symbol) [0x00007FF62C83ECC2]
	(No symbol) [0x00007FF62C817153]
	(No symbol) [0x00007FF62C7E0421]
	(No symbol) [0x00007FF62C7E11B3]
	GetHandleVerifier [0x00007FF62CCCD6FD+3223453]
	GetHandleVerifier [0x00007FF62CCC7CA2+3200322]
	GetHandleVerifier [0x00007FF62CCE5AD3+3322739]
	GetHandleVerifier [0x00007FF62C9E69FA+180890]
	GetHandleVerifier [0x00007FF62C9EE0FF+211359]
	GetHandleVerifier [0x00007FF62C9D5274+109332]
	GetHandleVerifier [0x00007FF62C9D5422+109762]
	GetHandleVerifier [0x00007FF62C9BBA39+4825]
	BaseThreadInitThunk [0x00007FFA849B7374+20]
	RtlUserThreadStart [0x00007FFA8605CC91+33]

2025-05-27 21:25:57,089 - ERROR - Phone: +201142344948 - Message Type: Selenium Send Retry - Reason: Retry send failed, possibly invalid number/no WhatsApp - Details: Message: invalid session id: session deleted as the browser has closed the connection
from disconnected: not connected to DevTools
  (Session info: chrome=137.0.7151.41)
Stacktrace:
	GetHandleVerifier [0x00007FF62C9CCF25+75717]
	GetHandleVerifier [0x00007FF62C9CCF80+75808]
	(No symbol) [0x00007FF62C798F9A]
	(No symbol) [0x00007FF62C784E35]
	(No symbol) [0x00007FF62C7A9DB4]
	(No symbol) [0x00007FF62C81EE75]
	(No symbol) [0x00007FF62C83ECC2]
	(No symbol) [0x00007FF62C817153]
	(No symbol) [0x00007FF62C7E0421]
	(No symbol) [0x00007FF62C7E11B3]
	GetHandleVerifier [0x00007FF62CCCD6FD+3223453]
	GetHandleVerifier [0x00007FF62CCC7CA2+3200322]
	GetHandleVerifier [0x00007FF62CCE5AD3+3322739]
	GetHandleVerifier [0x00007FF62C9E69FA+180890]
	GetHandleVerifier [0x00007FF62C9EE0FF+211359]
	GetHandleVerifier [0x00007FF62C9D5274+109332]
	GetHandleVerifier [0x00007FF62C9D5422+109762]
	GetHandleVerifier [0x00007FF62C9BBA39+4825]
	BaseThreadInitThunk [0x00007FFA849B7374+20]
	RtlUserThreadStart [0x00007FFA8605CC91+33]

2025-05-27 21:25:58,093 - WARNING - Phone: +201142344948 - Message Type: Selenium Send - Reason: Initial send failed, possibly invalid number/no WhatsApp - Details: Message: invalid session id
Stacktrace:
	GetHandleVerifier [0x00007FF62C9CCF25+75717]
	GetHandleVerifier [0x00007FF62C9CCF80+75808]
	(No symbol) [0x00007FF62C798DCC]
	(No symbol) [0x00007FF62C7DF54F]
	(No symbol) [0x00007FF62C817242]
	(No symbol) [0x00007FF62C811C63]
	(No symbol) [0x00007FF62C810D29]
	(No symbol) [0x00007FF62C765A55]
	GetHandleVerifier [0x00007FF62CCCD6FD+3223453]
	GetHandleVerifier [0x00007FF62CCC7CA2+3200322]
	GetHandleVerifier [0x00007FF62CCE5AD3+3322739]
	GetHandleVerifier [0x00007FF62C9E69FA+180890]
	GetHandleVerifier [0x00007FF62C9EE0FF+211359]
	(No symbol) [0x00007FF62C764AC8]
	GetHandleVerifier [0x00007FF62CDB6FA8+4180040]
	BaseThreadInitThunk [0x00007FFA849B7374+20]
	RtlUserThreadStart [0x00007FFA8605CC91+33]

2025-05-27 21:25:58,097 - ERROR - Phone: +201142344948 - Message Type: Selenium Send Retry - Reason: Retry send failed, possibly invalid number/no WhatsApp - Details: Message: invalid session id
Stacktrace:
	GetHandleVerifier [0x00007FF62C9CCF25+75717]
	GetHandleVerifier [0x00007FF62C9CCF80+75808]
	(No symbol) [0x00007FF62C798DCC]
	(No symbol) [0x00007FF62C7DF54F]
	(No symbol) [0x00007FF62C817242]
	(No symbol) [0x00007FF62C811C63]
	(No symbol) [0x00007FF62C810D29]
	(No symbol) [0x00007FF62C765A55]
	GetHandleVerifier [0x00007FF62CCCD6FD+3223453]
	GetHandleVerifier [0x00007FF62CCC7CA2+3200322]
	GetHandleVerifier [0x00007FF62CCE5AD3+3322739]
	GetHandleVerifier [0x00007FF62C9E69FA+180890]
	GetHandleVerifier [0x00007FF62C9EE0FF+211359]
	(No symbol) [0x00007FF62C764AC8]
	GetHandleVerifier [0x00007FF62CDB6FA8+4180040]
	BaseThreadInitThunk [0x00007FFA849B7374+20]
	RtlUserThreadStart [0x00007FFA8605CC91+33]

2025-05-27 21:25:59,102 - WARNING - Phone: +201142344943 - Message Type: Selenium Send - Reason: Initial send failed, possibly invalid number/no WhatsApp - Details: Message: invalid session id
Stacktrace:
	GetHandleVerifier [0x00007FF62C9CCF25+75717]
	GetHandleVerifier [0x00007FF62C9CCF80+75808]
	(No symbol) [0x00007FF62C798DCC]
	(No symbol) [0x00007FF62C7DF54F]
	(No symbol) [0x00007FF62C817242]
	(No symbol) [0x00007FF62C811C63]
	(No symbol) [0x00007FF62C810D29]
	(No symbol) [0x00007FF62C765A55]
	GetHandleVerifier [0x00007FF62CCCD6FD+3223453]
	GetHandleVerifier [0x00007FF62CCC7CA2+3200322]
	GetHandleVerifier [0x00007FF62CCE5AD3+3322739]
	GetHandleVerifier [0x00007FF62C9E69FA+180890]
	GetHandleVerifier [0x00007FF62C9EE0FF+211359]
	(No symbol) [0x00007FF62C764AC8]
	GetHandleVerifier [0x00007FF62CDB6FA8+4180040]
	BaseThreadInitThunk [0x00007FFA849B7374+20]
	RtlUserThreadStart [0x00007FFA8605CC91+33]

2025-05-27 21:25:59,105 - ERROR - Phone: +201142344943 - Message Type: Selenium Send Retry - Reason: Retry send failed, possibly invalid number/no WhatsApp - Details: Message: invalid session id
Stacktrace:
	GetHandleVerifier [0x00007FF62C9CCF25+75717]
	GetHandleVerifier [0x00007FF62C9CCF80+75808]
	(No symbol) [0x00007FF62C798DCC]
	(No symbol) [0x00007FF62C7DF54F]
	(No symbol) [0x00007FF62C817242]
	(No symbol) [0x00007FF62C811C63]
	(No symbol) [0x00007FF62C810D29]
	(No symbol) [0x00007FF62C765A55]
	GetHandleVerifier [0x00007FF62CCCD6FD+3223453]
	GetHandleVerifier [0x00007FF62CCC7CA2+3200322]
	GetHandleVerifier [0x00007FF62CCE5AD3+3322739]
	GetHandleVerifier [0x00007FF62C9E69FA+180890]
	GetHandleVerifier [0x00007FF62C9EE0FF+211359]
	(No symbol) [0x00007FF62C764AC8]
	GetHandleVerifier [0x00007FF62CDB6FA8+4180040]
	BaseThreadInitThunk [0x00007FFA849B7374+20]
	RtlUserThreadStart [0x00007FFA8605CC91+33]

2025-05-27 21:26:00,111 - WARNING - Phone: +201142344943 - Message Type: Selenium Send - Reason: Initial send failed, possibly invalid number/no WhatsApp - Details: Message: invalid session id
Stacktrace:
	GetHandleVerifier [0x00007FF62C9CCF25+75717]
	GetHandleVerifier [0x00007FF62C9CCF80+75808]
	(No symbol) [0x00007FF62C798DCC]
	(No symbol) [0x00007FF62C7DF54F]
	(No symbol) [0x00007FF62C817242]
	(No symbol) [0x00007FF62C811C63]
	(No symbol) [0x00007FF62C810D29]
	(No symbol) [0x00007FF62C765A55]
	GetHandleVerifier [0x00007FF62CCCD6FD+3223453]
	GetHandleVerifier [0x00007FF62CCC7CA2+3200322]
	GetHandleVerifier [0x00007FF62CCE5AD3+3322739]
	GetHandleVerifier [0x00007FF62C9E69FA+180890]
	GetHandleVerifier [0x00007FF62C9EE0FF+211359]
	(No symbol) [0x00007FF62C764AC8]
	GetHandleVerifier [0x00007FF62CDB6FA8+4180040]
	BaseThreadInitThunk [0x00007FFA849B7374+20]
	RtlUserThreadStart [0x00007FFA8605CC91+33]

2025-05-27 21:26:00,114 - ERROR - Phone: +201142344943 - Message Type: Selenium Send Retry - Reason: Retry send failed, possibly invalid number/no WhatsApp - Details: Message: invalid session id
Stacktrace:
	GetHandleVerifier [0x00007FF62C9CCF25+75717]
	GetHandleVerifier [0x00007FF62C9CCF80+75808]
	(No symbol) [0x00007FF62C798DCC]
	(No symbol) [0x00007FF62C7DF54F]
	(No symbol) [0x00007FF62C817242]
	(No symbol) [0x00007FF62C811C63]
	(No symbol) [0x00007FF62C810D29]
	(No symbol) [0x00007FF62C765A55]
	GetHandleVerifier [0x00007FF62CCCD6FD+3223453]
	GetHandleVerifier [0x00007FF62CCC7CA2+3200322]
	GetHandleVerifier [0x00007FF62CCE5AD3+3322739]
	GetHandleVerifier [0x00007FF62C9E69FA+180890]
	GetHandleVerifier [0x00007FF62C9EE0FF+211359]
	(No symbol) [0x00007FF62C764AC8]
	GetHandleVerifier [0x00007FF62CDB6FA8+4180040]
	BaseThreadInitThunk [0x00007FFA849B7374+20]
	RtlUserThreadStart [0x00007FFA8605CC91+33]

2025-05-28 06:49:05,203 - WARNING - Phone: +201142344941 - Message Type: Selenium Send - Reason: Initial send failed, possibly invalid number/no WhatsApp - Details: Message: 
Stacktrace:
	GetHandleVerifier [0x00007FF69E31CF25+75717]
	GetHandleVerifier [0x00007FF69E31CF80+75808]
	(No symbol) [0x00007FF69E0E8F9A]
	(No symbol) [0x00007FF69E13F4C6]
	(No symbol) [0x00007FF69E13F77C]
	(No symbol) [0x00007FF69E192577]
	(No symbol) [0x00007FF69E1673BF]
	(No symbol) [0x00007FF69E18F39C]
	(No symbol) [0x00007FF69E167153]
	(No symbol) [0x00007FF69E130421]
	(No symbol) [0x00007FF69E1311B3]
	GetHandleVerifier [0x00007FF69E61D6FD+3223453]
	GetHandleVerifier [0x00007FF69E617CA2+3200322]
	GetHandleVerifier [0x00007FF69E635AD3+3322739]
	GetHandleVerifier [0x00007FF69E3369FA+180890]
	GetHandleVerifier [0x00007FF69E33E0FF+211359]
	GetHandleVerifier [0x00007FF69E325274+109332]
	GetHandleVerifier [0x00007FF69E325422+109762]
	GetHandleVerifier [0x00007FF69E30BA39+4825]
	BaseThreadInitThunk [0x00007FF9FEB17374+20]
	RtlUserThreadStart [0x00007FFA0071CC91+33]

2025-05-28 06:49:41,018 - ERROR - Phone: +201142344941 - Message Type: Selenium Send Retry - Reason: Retry send failed, possibly invalid number/no WhatsApp - Details: Message: 
Stacktrace:
	GetHandleVerifier [0x00007FF69E31CF25+75717]
	GetHandleVerifier [0x00007FF69E31CF80+75808]
	(No symbol) [0x00007FF69E0E8F9A]
	(No symbol) [0x00007FF69E13F4C6]
	(No symbol) [0x00007FF69E13F77C]
	(No symbol) [0x00007FF69E192577]
	(No symbol) [0x00007FF69E1673BF]
	(No symbol) [0x00007FF69E18F39C]
	(No symbol) [0x00007FF69E167153]
	(No symbol) [0x00007FF69E130421]
	(No symbol) [0x00007FF69E1311B3]
	GetHandleVerifier [0x00007FF69E61D6FD+3223453]
	GetHandleVerifier [0x00007FF69E617CA2+3200322]
	GetHandleVerifier [0x00007FF69E635AD3+3322739]
	GetHandleVerifier [0x00007FF69E3369FA+180890]
	GetHandleVerifier [0x00007FF69E33E0FF+211359]
	GetHandleVerifier [0x00007FF69E325274+109332]
	GetHandleVerifier [0x00007FF69E325422+109762]
	GetHandleVerifier [0x00007FF69E30BA39+4825]
	BaseThreadInitThunk [0x00007FF9FEB17374+20]
	RtlUserThreadStart [0x00007FFA0071CC91+33]

2025-05-28 06:49:41,018 - INFO - Student ID: - (Name: -) - Message Type: - - Reason: Unknown failure
2025-05-28 06:55:06,211 - INFO - Student ID: - (Name: -) - Message Type: - - Reason: Unknown failure
2025-05-28 07:26:09,164 - WARNING - Phone: +201142344941 - Message Type: Selenium Send - Reason: Initial send failed, possibly invalid number/no WhatsApp - Details: Message: 
Stacktrace:
	GetHandleVerifier [0x00007FF69E31CF25+75717]
	GetHandleVerifier [0x00007FF69E31CF80+75808]
	(No symbol) [0x00007FF69E0E8F9A]
	(No symbol) [0x00007FF69E13F4C6]
	(No symbol) [0x00007FF69E13F77C]
	(No symbol) [0x00007FF69E192577]
	(No symbol) [0x00007FF69E1673BF]
	(No symbol) [0x00007FF69E18F39C]
	(No symbol) [0x00007FF69E167153]
	(No symbol) [0x00007FF69E130421]
	(No symbol) [0x00007FF69E1311B3]
	GetHandleVerifier [0x00007FF69E61D6FD+3223453]
	GetHandleVerifier [0x00007FF69E617CA2+3200322]
	GetHandleVerifier [0x00007FF69E635AD3+3322739]
	GetHandleVerifier [0x00007FF69E3369FA+180890]
	GetHandleVerifier [0x00007FF69E33E0FF+211359]
	GetHandleVerifier [0x00007FF69E325274+109332]
	GetHandleVerifier [0x00007FF69E325422+109762]
	GetHandleVerifier [0x00007FF69E30BA39+4825]
	BaseThreadInitThunk [0x00007FF9FEB17374+20]
	RtlUserThreadStart [0x00007FFA0071CC91+33]

2025-05-28 07:26:43,495 - ERROR - Phone: +201142344941 - Message Type: Selenium Send Retry - Reason: Retry send failed, possibly invalid number/no WhatsApp - Details: Message: 
Stacktrace:
	GetHandleVerifier [0x00007FF69E31CF25+75717]
	GetHandleVerifier [0x00007FF69E31CF80+75808]
	(No symbol) [0x00007FF69E0E8F9A]
	(No symbol) [0x00007FF69E13F4C6]
	(No symbol) [0x00007FF69E13F77C]
	(No symbol) [0x00007FF69E192577]
	(No symbol) [0x00007FF69E1673BF]
	(No symbol) [0x00007FF69E18F39C]
	(No symbol) [0x00007FF69E167153]
	(No symbol) [0x00007FF69E130421]
	(No symbol) [0x00007FF69E1311B3]
	GetHandleVerifier [0x00007FF69E61D6FD+3223453]
	GetHandleVerifier [0x00007FF69E617CA2+3200322]
	GetHandleVerifier [0x00007FF69E635AD3+3322739]
	GetHandleVerifier [0x00007FF69E3369FA+180890]
	GetHandleVerifier [0x00007FF69E33E0FF+211359]
	GetHandleVerifier [0x00007FF69E325274+109332]
	GetHandleVerifier [0x00007FF69E325422+109762]
	GetHandleVerifier [0x00007FF69E30BA39+4825]
	BaseThreadInitThunk [0x00007FF9FEB17374+20]
	RtlUserThreadStart [0x00007FFA0071CC91+33]

2025-05-28 07:26:43,496 - INFO - Student ID: 69 (Name: تجريب 3) - Message Type: Lateness Alert - Reason: 
2025-05-28 07:35:52,514 - WARNING - Phone: +201142344941 - Message Type: Selenium Send - Reason: Initial send failed, possibly invalid number/no WhatsApp - Details: Message: 
Stacktrace:
	GetHandleVerifier [0x00007FF69E31CF25+75717]
	GetHandleVerifier [0x00007FF69E31CF80+75808]
	(No symbol) [0x00007FF69E0E8F9A]
	(No symbol) [0x00007FF69E13F4C6]
	(No symbol) [0x00007FF69E13F77C]
	(No symbol) [0x00007FF69E192577]
	(No symbol) [0x00007FF69E1673BF]
	(No symbol) [0x00007FF69E18F39C]
	(No symbol) [0x00007FF69E167153]
	(No symbol) [0x00007FF69E130421]
	(No symbol) [0x00007FF69E1311B3]
	GetHandleVerifier [0x00007FF69E61D6FD+3223453]
	GetHandleVerifier [0x00007FF69E617CA2+3200322]
	GetHandleVerifier [0x00007FF69E635AD3+3322739]
	GetHandleVerifier [0x00007FF69E3369FA+180890]
	GetHandleVerifier [0x00007FF69E33E0FF+211359]
	GetHandleVerifier [0x00007FF69E325274+109332]
	GetHandleVerifier [0x00007FF69E325422+109762]
	GetHandleVerifier [0x00007FF69E30BA39+4825]
	BaseThreadInitThunk [0x00007FF9FEB17374+20]
	RtlUserThreadStart [0x00007FFA0071CC91+33]

2025-05-28 07:36:23,628 - ERROR - Phone: +201142344941 - Message Type: Selenium Send Retry - Reason: Retry send failed, possibly invalid number/no WhatsApp - Details: Message: 
Stacktrace:
	GetHandleVerifier [0x00007FF69E31CF25+75717]
	GetHandleVerifier [0x00007FF69E31CF80+75808]
	(No symbol) [0x00007FF69E0E8F9A]
	(No symbol) [0x00007FF69E13F4C6]
	(No symbol) [0x00007FF69E13F77C]
	(No symbol) [0x00007FF69E192577]
	(No symbol) [0x00007FF69E1673BF]
	(No symbol) [0x00007FF69E18F39C]
	(No symbol) [0x00007FF69E167153]
	(No symbol) [0x00007FF69E130421]
	(No symbol) [0x00007FF69E1311B3]
	GetHandleVerifier [0x00007FF69E61D6FD+3223453]
	GetHandleVerifier [0x00007FF69E617CA2+3200322]
	GetHandleVerifier [0x00007FF69E635AD3+3322739]
	GetHandleVerifier [0x00007FF69E3369FA+180890]
	GetHandleVerifier [0x00007FF69E33E0FF+211359]
	GetHandleVerifier [0x00007FF69E325274+109332]
	GetHandleVerifier [0x00007FF69E325422+109762]
	GetHandleVerifier [0x00007FF69E30BA39+4825]
	BaseThreadInitThunk [0x00007FF9FEB17374+20]
	RtlUserThreadStart [0x00007FFA0071CC91+33]

2025-05-28 07:36:23,628 - INFO - Student ID: 69 (Name: تجريب 3) - Message Type: Lateness Alert - Reason: 
2025-05-28 07:36:56,203 - WARNING - Phone: +201142344941 - Message Type: Selenium Send - Reason: Initial send failed, possibly invalid number/no WhatsApp - Details: Message: 
Stacktrace:
	GetHandleVerifier [0x00007FF69E31CF25+75717]
	GetHandleVerifier [0x00007FF69E31CF80+75808]
	(No symbol) [0x00007FF69E0E8F9A]
	(No symbol) [0x00007FF69E13F4C6]
	(No symbol) [0x00007FF69E13F77C]
	(No symbol) [0x00007FF69E192577]
	(No symbol) [0x00007FF69E1673BF]
	(No symbol) [0x00007FF69E18F39C]
	(No symbol) [0x00007FF69E167153]
	(No symbol) [0x00007FF69E130421]
	(No symbol) [0x00007FF69E1311B3]
	GetHandleVerifier [0x00007FF69E61D6FD+3223453]
	GetHandleVerifier [0x00007FF69E617CA2+3200322]
	GetHandleVerifier [0x00007FF69E635AD3+3322739]
	GetHandleVerifier [0x00007FF69E3369FA+180890]
	GetHandleVerifier [0x00007FF69E33E0FF+211359]
	GetHandleVerifier [0x00007FF69E325274+109332]
	GetHandleVerifier [0x00007FF69E325422+109762]
	GetHandleVerifier [0x00007FF69E30BA39+4825]
	BaseThreadInitThunk [0x00007FF9FEB17374+20]
	RtlUserThreadStart [0x00007FFA0071CC91+33]

2025-05-28 07:37:27,666 - ERROR - Phone: +201142344941 - Message Type: Selenium Send Retry - Reason: Retry send failed, possibly invalid number/no WhatsApp - Details: Message: 
Stacktrace:
	GetHandleVerifier [0x00007FF69E31CF25+75717]
	GetHandleVerifier [0x00007FF69E31CF80+75808]
	(No symbol) [0x00007FF69E0E8F9A]
	(No symbol) [0x00007FF69E13F4C6]
	(No symbol) [0x00007FF69E13F77C]
	(No symbol) [0x00007FF69E192577]
	(No symbol) [0x00007FF69E1673BF]
	(No symbol) [0x00007FF69E18F39C]
	(No symbol) [0x00007FF69E167153]
	(No symbol) [0x00007FF69E130421]
	(No symbol) [0x00007FF69E1311B3]
	GetHandleVerifier [0x00007FF69E61D6FD+3223453]
	GetHandleVerifier [0x00007FF69E617CA2+3200322]
	GetHandleVerifier [0x00007FF69E635AD3+3322739]
	GetHandleVerifier [0x00007FF69E3369FA+180890]
	GetHandleVerifier [0x00007FF69E33E0FF+211359]
	GetHandleVerifier [0x00007FF69E325274+109332]
	GetHandleVerifier [0x00007FF69E325422+109762]
	GetHandleVerifier [0x00007FF69E30BA39+4825]
	BaseThreadInitThunk [0x00007FF9FEB17374+20]
	RtlUserThreadStart [0x00007FFA0071CC91+33]

2025-05-28 07:37:27,667 - INFO - Student ID: 69 (Name: تجريب 3) - Message Type: Attendance - Reason: 
2025-05-28 07:48:16,912 - INFO - Student ID: 68 (Name: تجريب 2) - Message Type: Attendance - Reason: 
2025-05-28 07:49:45,165 - WARNING - Phone: +201142344941 - Message Type: Selenium Send - Reason: Initial send failed, possibly invalid number/no WhatsApp - Details: Message: 
Stacktrace:
	GetHandleVerifier [0x00007FF69E31CF25+75717]
	GetHandleVerifier [0x00007FF69E31CF80+75808]
	(No symbol) [0x00007FF69E0E8F9A]
	(No symbol) [0x00007FF69E13F4C6]
	(No symbol) [0x00007FF69E13F77C]
	(No symbol) [0x00007FF69E192577]
	(No symbol) [0x00007FF69E1673BF]
	(No symbol) [0x00007FF69E18F39C]
	(No symbol) [0x00007FF69E167153]
	(No symbol) [0x00007FF69E130421]
	(No symbol) [0x00007FF69E1311B3]
	GetHandleVerifier [0x00007FF69E61D6FD+3223453]
	GetHandleVerifier [0x00007FF69E617CA2+3200322]
	GetHandleVerifier [0x00007FF69E635AD3+3322739]
	GetHandleVerifier [0x00007FF69E3369FA+180890]
	GetHandleVerifier [0x00007FF69E33E0FF+211359]
	GetHandleVerifier [0x00007FF69E325274+109332]
	GetHandleVerifier [0x00007FF69E325422+109762]
	GetHandleVerifier [0x00007FF69E30BA39+4825]
	BaseThreadInitThunk [0x00007FF9FEB17374+20]
	RtlUserThreadStart [0x00007FFA0071CC91+33]

2025-05-28 07:50:16,756 - ERROR - Phone: +201142344941 - Message Type: Selenium Send Retry - Reason: Retry send failed, possibly invalid number/no WhatsApp - Details: Message: 
Stacktrace:
	GetHandleVerifier [0x00007FF69E31CF25+75717]
	GetHandleVerifier [0x00007FF69E31CF80+75808]
	(No symbol) [0x00007FF69E0E8F9A]
	(No symbol) [0x00007FF69E13F4C6]
	(No symbol) [0x00007FF69E13F77C]
	(No symbol) [0x00007FF69E192577]
	(No symbol) [0x00007FF69E1673BF]
	(No symbol) [0x00007FF69E18F39C]
	(No symbol) [0x00007FF69E167153]
	(No symbol) [0x00007FF69E130421]
	(No symbol) [0x00007FF69E1311B3]
	GetHandleVerifier [0x00007FF69E61D6FD+3223453]
	GetHandleVerifier [0x00007FF69E617CA2+3200322]
	GetHandleVerifier [0x00007FF69E635AD3+3322739]
	GetHandleVerifier [0x00007FF69E3369FA+180890]
	GetHandleVerifier [0x00007FF69E33E0FF+211359]
	GetHandleVerifier [0x00007FF69E325274+109332]
	GetHandleVerifier [0x00007FF69E325422+109762]
	GetHandleVerifier [0x00007FF69E30BA39+4825]
	BaseThreadInitThunk [0x00007FF9FEB17374+20]
	RtlUserThreadStart [0x00007FFA0071CC91+33]

2025-05-28 07:50:16,757 - INFO - Student ID: 69 (Name: تجريب 3) - Message Type: Attendance - Reason: 
